  detection.cpp
D:\C plus\circle detection\detection\detection\detection.cpp(26,47): warning C4305: “初始化”: 从“double”到“const float”截断
D:\C plus\circle detection\detection\detection\detection.cpp(27,46): warning C4305: “初始化”: 从“double”到“const float”截断
D:\C plus\circle detection\detection\detection\detection.cpp(47,40): warning C4267: “=”: 从“size_t”转换到“int”，可能丢失数据
D:\C plus\circle detection\detection\detection\detection.cpp(53,10): warning C4244: “初始化”: 从“const _Ty”转换到“float”，可能丢失数据
          with
          [
              _Ty=double
          ]
D:\C plus\circle detection\detection\detection\detection.cpp(56,14): warning C4244: “初始化”: 从“float”转换到“int”，可能丢失数据
D:\C plus\circle detection\detection\detection\detection.cpp(57,14): warning C4244: “初始化”: 从“float”转换到“int”，可能丢失数据
D:\C plus\circle detection\detection\detection\detection.cpp(75,50): warning C4244: “=”: 从“double”转换到“float”，可能丢失数据
D:\C plus\circle detection\detection\detection\detection.cpp(76,50): warning C4244: “=”: 从“double”转换到“float”，可能丢失数据
D:\C plus\circle detection\detection\detection\detection.cpp(77,50): warning C4244: “=”: 从“double”转换到“float”，可能丢失数据
D:\C plus\circle detection\detection\detection\detection.cpp(118,58): warning C4267: “初始化”: 从“size_t”转换到“int”，可能丢失数据
D:\C plus\circle detection\detection\detection\detection.cpp(180,31): warning C4244: “参数”: 从“float”转换到“_Tp”，可能丢失数据
          with
          [
              _Tp=int
          ]
D:\C plus\circle detection\detection\detection\detection.cpp(180,27): warning C4244: “参数”: 从“float”转换到“_Tp”，可能丢失数据
          with
          [
              _Tp=int
          ]
D:\C plus\circle detection\detection\detection\detection.cpp(180,46): warning C4244: “参数”: 从“float”转换到“_Tp”，可能丢失数据
          with
          [
              _Tp=int
          ]
D:\C plus\circle detection\detection\detection\detection.cpp(180,42): warning C4244: “参数”: 从“float”转换到“_Tp”，可能丢失数据
          with
          [
              _Tp=int
          ]
D:\C plus\circle detection\detection\detection\detection.cpp(189,36): warning C4244: “参数”: 从“float”转换到“_Tp”，可能丢失数据
          with
          [
              _Tp=int
          ]
D:\C plus\circle detection\detection\detection\detection.cpp(189,32): warning C4244: “参数”: 从“float”转换到“_Tp”，可能丢失数据
          with
          [
              _Tp=int
          ]
D:\C plus\circle detection\detection\detection\detection.cpp(196,40): warning C4305: “参数”: 从“double”到“float”截断
  detection.vcxproj -> D:\C plus\circle detection\detection\x64\Debug\detection.exe
